::1 - GET / HTTP/1.1 304 - - 273.736 ms
::1 - GET /stylesheets/style.css HTTP/1.1 304 - - 1.668 ms
::1 - GET /favicon.ico HTTP/1.1 404 1322 - 10.748 ms
::1 - GET /uusers HTTP/1.1 404 1322 - 188.992 ms
::1 - GET /stylesheets/style.css HTTP/1.1 304 - - 2.112 ms
::1 - GET /favicon.ico HTTP/1.1 404 1322 - 11.777 ms
::1 - GET /u/sers HTTP/1.1 404 1322 - 12.637 ms
::1 - GET /stylesheets/style.css HTTP/1.1 304 - - 0.352 ms
::1 - GET /users HTTP/1.1 200 23 - 0.686 ms
::1 - GET / HTTP/1.1 500 1551 - 158.500 ms
::1 - GET / HTTP/1.1 200 170 - 171.409 ms
::1 - GET /stylesheets/style.css HTTP/1.1 304 - - 1.728 ms
::1 - POST /getData HTTP/1.1 404 1322 - 310.279 ms
::1 - GET /stylesheets/style.css HTTP/1.1 304 - - 2.781 ms
::1 - POST /getData HTTP/1.1 404 1322 - 180.582 ms
::1 - GET /stylesheets/style.css HTTP/1.1 304 - - 2.745 ms
::1 - POST /getData HTTP/1.1 - - - - ms
::1 - POST /getData HTTP/1.1 - - - - ms
::1 - POST /getData HTTP/1.1 - - - - ms
::1 - POST /getData HTTP/1.1 - - - - ms
::1 - GET /user HTTP/1.1 404 1322 - 290.206 ms
::1 - GET /stylesheets/style.css HTTP/1.1 200 111 - 3.441 ms
::1 - GET /user/user2 HTTP/1.1 404 1322 - 11.023 ms
::1 - GET /stylesheets/style.css HTTP/1.1 200 111 - 0.572 ms
::1 - GET /user/user2 HTTP/1.1 404 1322 - 9.987 ms
::1 - GET /stylesheets/style.css HTTP/1.1 200 111 - 0.482 ms
::1 - GET /users/user2 HTTP/1.1 200 5 - 1.840 ms
::1 - GET /users HTTP/1.1 200 23 - 0.630 ms
::1 - GET /getData HTTP/1.1 404 1342 - 256.090 ms
::1 - GET /stylesheets/style.css HTTP/1.1 200 111 - 2.963 ms
::1 - GET /getData HTTP/1.1 404 1342 - 12.880 ms
::1 - GET /stylesheets/style.css HTTP/1.1 200 111 - 0.700 ms
::1 - GET /getData HTTP/1.1 404 1342 - 9.377 ms
::1 - GET /stylesheets/style.css HTTP/1.1 200 111 - 0.530 ms
::1 - GET /getData HTTP/1.1 404 1342 - 13.483 ms
::1 - GET /stylesheets/style.css HTTP/1.1 200 111 - 0.546 ms
::1 - GET /getData HTTP/1.1 404 1342 - 6.403 ms
::1 - GET /stylesheets/style.css HTTP/1.1 200 111 - 0.551 ms
::1 - GET / HTTP/1.1 200 170 - 8.225 ms
::1 - GET /stylesheets/style.css HTTP/1.1 200 111 - 0.622 ms
::1 - GET /getData HTTP/1.1 404 1342 - 7.598 ms
::1 - GET /stylesheets/style.css HTTP/1.1 200 111 - 0.438 ms
::1 - GET /getData HTTP/1.1 404 1342 - 5.829 ms
::1 - GET /stylesheets/style.css HTTP/1.1 200 111 - 0.496 ms
::1 - GET /getData HTTP/1.1 200 4 - 7.537 ms
::1 - GET /getData HTTP/1.1 200 4 - 0.635 ms
::1 - GET /getData HTTP/1.1 200 - - 6.777 ms
::1 - GET /getData HTTP/1.1 200 - - 0.540 ms
::1 - GET /getData HTTP/1.1 200 2 - 8.472 ms
::1 - GET /getData HTTP/1.1 200 2 - 0.673 ms
::1 - GET /getData HTTP/1.1 200 2 - 10.888 ms
::1 - GET /getData HTTP/1.1 200 2 - 4.260 ms
::1 - GET /getData HTTP/1.1 200 2 - 14.700 ms
::1 - GET /getData HTTP/1.1 200 2 - 13.389 ms
::1 - GET /getData HTTP/1.1 500 1357 - 275.097 ms
::1 - GET /stylesheets/style.css HTTP/1.1 200 111 - 3.874 ms
::1 - GET /getData HTTP/1.1 500 1357 - 268.170 ms
::1 - GET /stylesheets/style.css HTTP/1.1 200 111 - 3.872 ms
::1 - GET /getData HTTP/1.1 500 1357 - 15.579 ms
::1 - GET /stylesheets/style.css HTTP/1.1 200 111 - 1.363 ms
::1 - GET /getData HTTP/1.1 500 1447 - 217.257 ms
::1 - GET /stylesheets/style.css HTTP/1.1 200 111 - 2.611 ms
::1 - GET /getData HTTP/1.1 500 1447 - 13.605 ms
::1 - GET /stylesheets/style.css HTTP/1.1 200 111 - 1.020 ms
::1 - GET /getData HTTP/1.1 500 1447 - 10.117 ms
::1 - GET /stylesheets/style.css HTTP/1.1 200 111 - 1.320 ms
::1 - GET /getData HTTP/1.1 500 1443 - 187.419 ms
::1 - GET /stylesheets/style.css HTTP/1.1 200 111 - 2.834 ms
::1 - GET /getData HTTP/1.1 500 1357 - 191.661 ms
::1 - GET /stylesheets/style.css HTTP/1.1 200 111 - 2.644 ms
::1 - GET /getData HTTP/1.1 500 1357 - 281.248 ms
::1 - GET /stylesheets/style.css HTTP/1.1 200 111 - 3.112 ms
::1 - GET /getData HTTP/1.1 500 1357 - 282.820 ms
::1 - GET /stylesheets/style.css HTTP/1.1 200 111 - 3.053 ms
::1 - GET /getData HTTP/1.1 500 1357 - 18.867 ms
::1 - GET /stylesheets/style.css HTTP/1.1 200 111 - 1.024 ms
::1 - GET /getData HTTP/1.1 500 1357 - 253.121 ms
::1 - GET /stylesheets/style.css HTTP/1.1 200 111 - 3.849 ms
::1 - GET /getData HTTP/1.1 500 1357 - 281.059 ms
::1 - GET /stylesheets/style.css HTTP/1.1 200 111 - 3.238 ms
::1 - GET /getData HTTP/1.1 500 1357 - 274.189 ms
::1 - GET /stylesheets/style.css HTTP/1.1 200 111 - 3.862 ms
::1 - GET /getData HTTP/1.1 500 1357 - 358.698 ms
::1 - GET /stylesheets/style.css HTTP/1.1 200 111 - 8.643 ms
::1 - GET /insert?name=%27lifang%27&age=18 HTTP/1.1 404 1342 - 19.124 ms
::1 - GET /stylesheets/style.css HTTP/1.1 200 111 - 1.490 ms
::1 - GET /insert?name=%27lifang%27&age=18 HTTP/1.1 200 6 - 25.719 ms
::1 - GET /insert?name=%27lifang%27&age=18 HTTP/1.1 200 770 - 25.538 ms
::1 - GET /deleteOne?name=lifang HTTP/1.1 200 770 - 8.810 ms
::1 - GET /deleteOne?name=lifang HTTP/1.1 200 770 - 2.178 ms
::1 - GET /deleteOne?name=lifang HTTP/1.1 200 770 - 1.884 ms
::1 - GET /deleteOne?name=lifang HTTP/1.1 200 770 - 1.814 ms
::1 - GET /deleteOne?name=lifang HTTP/1.1 200 770 - 1.798 ms
::1 - GET /deleteOne?name=lifang HTTP/1.1 200 770 - 24.356 ms
::1 - GET /deleteMany?name=lifang HTTP/1.1 200 770 - 4.847 ms
::1 - GET /deleteMany?name=lifang HTTP/1.1 200 770 - 2.290 ms
::1 - GET /deleteMany?name=lifang HTTP/1.1 200 770 - 1.926 ms
::1 - GET /deleteMany?name=lifang&age=18 HTTP/1.1 200 770 - 21.642 ms
::1 - GET /deleteMany?name=lifang&age=18 HTTP/1.1 200 770 - 2.591 ms
::1 - GET /deleteMany?name=lifang&age=18 HTTP/1.1 200 770 - 1.809 ms
::1 - GET /deleteMany?name=lifang&age=18 HTTP/1.1 200 770 - 3.129 ms
::1 - GET /deleteOne?name=lifang&age=18 HTTP/1.1 200 770 - 4.761 ms
::1 - GET /deleteOne?name=lifang&age=18 HTTP/1.1 200 770 - 2.245 ms
::1 - GET /deleteOne?name=lifang&age=18 HTTP/1.1 200 2 - 22.462 ms
::1 - GET /deleteOne?name=lifang&age=18 HTTP/1.1 200 2 - 2.582 ms
::1 - GET /deleteOne?name=lifang&age=18 HTTP/1.1 200 2 - 18.385 ms
::1 - GET /deleteOne?name=lifang&age=18 HTTP/1.1 200 2 - 24.313 ms
::1 - GET /deleteOne?name=lifang&age=18 HTTP/1.1 200 2 - 3.008 ms
::1 - GET /findAll HTTP/1.1 404 1342 - 258.094 ms
::1 - GET /stylesheets/style.css HTTP/1.1 200 111 - 3.481 ms
::1 - GET /findAll HTTP/1.1 404 1342 - 167.010 ms
::1 - GET /stylesheets/style.css HTTP/1.1 200 111 - 2.504 ms
::1 - GET /findAll HTTP/1.1 404 1342 - 12.982 ms
::1 - GET /stylesheets/style.css HTTP/1.1 200 111 - 0.608 ms
::1 - GET /findAll HTTP/1.1 404 1342 - 9.674 ms
::1 - GET /stylesheets/style.css HTTP/1.1 200 111 - 0.549 ms
::1 - GET /findAll HTTP/1.1 404 1342 - 240.153 ms
::1 - GET /stylesheets/style.css HTTP/1.1 200 111 - 2.513 ms
::1 - GET /findAll HTTP/1.1 200 770 - 18.512 ms
::1 - GET /find?name=lifang&age=18 HTTP/1.1 200 2 - 15.052 ms
::1 - GET /find?name=lifang&age=18 HTTP/1.1 200 257 - 18.752 ms
::1 - GET /find?name=lifang&age=18 HTTP/1.1 200 257 - 2.070 ms
::1 - GET /find?name=lifang&age=18 HTTP/1.1 200 2 - 20.946 ms
::1 - GET /find?name=lifang&age=18 HTTP/1.1 200 2 - 2.592 ms
::1 - GET /find?name=lifang&age=18 HTTP/1.1 200 2 - 1.407 ms
::1 - GET /find?name=lifang&age=18 HTTP/1.1 200 257 - 20.387 ms
::1 - GET /find?name=%27lifang%27&age=18 HTTP/1.1 200 257 - 4.728 ms
::1 - GET /find?name=%27lifang%27&age=18 HTTP/1.1 200 257 - 1.498 ms
::1 - GET /deleteOne?name=%27lifang%27&age=18 HTTP/1.1 200 193 - 9.533 ms
::1 - GET /deleteMany?name=%27lifang%27&age=18 HTTP/1.1 200 642 - 6.114 ms
::1 - GET /deleteMany?name=%27lifang%27&age=18 HTTP/1.1 200 578 - 1.998 ms
::1 - GET /deleteMany?name=%27lifang%27&age=18 HTTP/1.1 200 514 - 2.896 ms
::1 - GET /deleteMany?name=%E8%8F%9C%E9%B8%9F%E6%95%99%E7%A8%8B HTTP/1.1 200 457 - 3.265 ms
::1 - GET /deleteMany?name=%E8%8F%9C%E9%B8%9F%E6%95%99%E7%A8%8B HTTP/1.1 200 400 - 2.750 ms
::1 - GET /deleteMany?name=%E8%8F%9C%E9%B8%9F%E6%95%99%E7%A8%8B HTTP/1.1 200 343 - 2.119 ms
::1 - GET /deleteMany?name=%E8%8F%9C%E9%B8%9F%E6%95%99%E7%A8%8B HTTP/1.1 200 2 - 22.841 ms
::1 - GET /findAll?name=%E8%8F%9C%E9%B8%9F%E6%95%99%E7%A8%8B HTTP/1.1 200 2 - 3.184 ms
::1 - GET /insert?name=lifang&age=18 HTTP/1.1 200 63 - 7.455 ms
::1 - GET /insert?name=liuwei&age=18 HTTP/1.1 200 125 - 2.688 ms
::1 - GET /insert?name=ziyan&age=19 HTTP/1.1 200 186 - 1.861 ms
::1 - GET /updateOne?name=ziyan&desc=%E6%88%91%E6%98%AF%E6%9C%80%E7%BE%8E%E7%9A%84 HTTP/1.1 200 211 - 12.047 ms
::1 - GET /updateOne?name=ziyan&desc=%E6%88%91%E6%98%AF%E6%9C%80%E7%BE%8E%E7%9A%84 HTTP/1.1 200 211 - 5.640 ms
::1 - GET /updateOne?name=ziyan&desc=%E6%88%91%E6%98%AF%E6%9C%80%E7%BE%8E%E7%9A%84 HTTP/1.1 200 211 - 2.404 ms
::1 - GET /updateOne?name=ziyan&desc=%E6%88%91%E6%98%AF%E6%9C%80%E7%BE%8E%E7%9A%84 HTTP/1.1 200 211 - 1.712 ms
::1 - GET /updateOne?name=ziyan&desc=%E6%88%91%E6%98%AF%E6%9C%80%E7%BE%8E%E7%9A%84%E5%95%8A HTTP/1.1 200 214 - 2.275 ms
::1 - GET /sort HTTP/1.1 200 214 - 19.267 ms
::1 - GET /sort HTTP/1.1 200 63 - 23.884 ms
::1 - GET /sort HTTP/1.1 200 152 - 19.331 ms
::1 - GET /sort HTTP/1.1 200 125 - 20.854 ms
::1 - GET /collection/findAll HTTP/1.1 404 1342 - 254.057 ms
::1 - GET /stylesheets/style.css HTTP/1.1 200 111 - 3.269 ms
::1 - GET /collection/findAll HTTP/1.1 404 1342 - 177.457 ms
::1 - GET /stylesheets/style.css HTTP/1.1 200 111 - 2.628 ms
::1 - GET /collection/findAll HTTP/1.1 404 1342 - 12.599 ms
::1 - GET /stylesheets/style.css HTTP/1.1 200 111 - 0.605 ms
::1 - GET /collection2/findAll HTTP/1.1 200 2 - 10.219 ms
::1 - GET /collection2/insert?name=lifang&home=fushun HTTP/1.1 200 68 - 36.502 ms
::1 - GET /collection2/insert?name=a&home=fushun2 HTTP/1.1 200 131 - 5.980 ms
::1 - GET /collection2/insert?name=b&home=fushun3 HTTP/1.1 200 194 - 1.887 ms
::1 - GET /collection/insert?name=b&home=fushun3 HTTP/1.1 200 58 - 60.572 ms
::1 - GET /collection/insert?name=b&age=18 HTTP/1.1 200 115 - 5.788 ms
::1 - GET /collection/insert?name=a&age=19 HTTP/1.1 200 172 - 2.112 ms
::1 - GET /collection/insert?name=c&age=30 HTTP/1.1 200 229 - 1.917 ms
::1 - GET /aggregate HTTP/1.1 200 115 - 19.394 ms
::1 - GET /collection/findAll HTTP/1.1 200 229 - 19.882 ms
::1 - GET /collection2/findAll HTTP/1.1 200 194 - 3.203 ms
::1 - GET /aggregate HTTP/1.1 200 115 - 4.406 ms
::1 - GET /aggregate HTTP/1.1 200 115 - 18.059 ms
::1 - GET /aggregate HTTP/1.1 200 115 - 25.983 ms
::1 - GET /aggregate HTTP/1.1 200 115 - 24.369 ms
::1 - GET /aggregate HTTP/1.1 200 269 - 20.070 ms
::1 - GET /aggregate HTTP/1.1 200 269 - 2.229 ms
::1 - GET /aggregate HTTP/1.1 200 269 - 2.243 ms
::1 - GET /aggregate HTTP/1.1 200 269 - 1.718 ms
::1 - GET /aggregate HTTP/1.1 200 265 - 19.094 ms
::1 - GET /aggregate HTTP/1.1 200 265 - 2.211 ms
::1 - GET /collection2/findAll HTTP/1.1 304 - - 4.071 ms
::1 - GET /collection2/findAll HTTP/1.1 200 194 - 1.524 ms
::1 - GET /collection2/findAll HTTP/1.1 200 194 - 1.410 ms
::1 - GET /collection/findAll HTTP/1.1 200 229 - 1.457 ms
::1 - GET /aggregate HTTP/1.1 200 265 - 15.213 ms
::1 - GET /aggregate HTTP/1.1 200 265 - 2.159 ms
::1 - GET /aggregate HTTP/1.1 200 265 - 18.302 ms
::1 - GET /aggregate HTTP/1.1 200 265 - 18.607 ms
::1 - GET /aggregate HTTP/1.1 200 265 - 2.247 ms
::1 - GET /aggregate HTTP/1.1 200 265 - 1.510 ms
::1 - GET /aggregate HTTP/1.1 200 261 - 18.471 ms
::1 - GET /aggregate HTTP/1.1 200 261 - 2.233 ms
::1 - GET /collection/findAll HTTP/1.1 200 229 - 3.644 ms
::1 - GET /aggregate HTTP/1.1 200 261 - 19.470 ms
::1 - GET /aggregate HTTP/1.1 200 261 - 19.146 ms
::1 - GET /collection2/findAll HTTP/1.1 200 194 - 4.861 ms
::1 - GET /collection2/findAll HTTP/1.1 200 194 - 1.538 ms
::1 - GET /collection2/findAll HTTP/1.1 200 2 - 19.046 ms
::1 - GET /collection2/insert?name=b&home=fushun3 HTTP/1.1 200 64 - 39.955 ms
::1 - GET /collection2/insert?name=a&home=fushunggg HTTP/1.1 200 129 - 3.485 ms
::1 - GET /collection2/insert?name=c&home=fushungggsad HTTP/1.1 200 197 - 2.074 ms
::1 - GET /collection/findAll HTTP/1.1 200 214 - 1.528 ms
::1 - GET /collection/findAll HTTP/1.1 200 214 - 1.225 ms
::1 - GET /collection/insert?name=c&age=30 HTTP/1.1 200 271 - 2.133 ms
::1 - GET /collection/insert?name=c&age=30 HTTP/1.1 200 328 - 1.966 ms
::1 - GET /collection/insert?name=c&age=30 HTTP/1.1 200 385 - 1.896 ms
::1 - GET /aggregate HTTP/1.1 200 433 - 3.461 ms
::1 - GET /aggregate HTTP/1.1 200 433 - 1.506 ms
::1 - GET /aggregate HTTP/1.1 200 433 - 1.545 ms
::1 - GET /collection2/insert?name=c&home=fushungggsad HTTP/1.1 200 265 - 2.693 ms
::1 - GET /collection2/findAll HTTP/1.1 200 265 - 1.239 ms
::1 - GET /collection/findAll HTTP/1.1 200 385 - 1.293 ms
::1 - GET /collection/findAll HTTP/1.1 200 385 - 1.391 ms
::1 - GET /collection/findAll HTTP/1.1 200 385 - 1.217 ms
::1 - GET /aggregate HTTP/1.1 200 433 - 1.588 ms
::1 - GET /aggregate HTTP/1.1 200 433 - 1.607 ms
::1 - GET /aggregate HTTP/1.1 200 433 - 1.726 ms
::1 - GET /aggregate HTTP/1.1 200 433 - 18.906 ms
::1 - GET /aggregate HTTP/1.1 200 433 - 2.288 ms
::1 - GET /aggregate HTTP/1.1 200 433 - 19.287 ms
::1 - GET /aggregate HTTP/1.1 200 433 - 2.193 ms
::1 - GET /collection2/findAll HTTP/1.1 200 265 - 3.546 ms
::1 - GET /aggregate HTTP/1.1 200 433 - 2.334 ms
::1 - GET /aggregate HTTP/1.1 200 433 - 2.247 ms
::1 - GET /aggregate HTTP/1.1 200 433 - 1.431 ms
::1 - GET /aggregate HTTP/1.1 500 1459 - 262.912 ms
::1 - GET /stylesheets/style.css HTTP/1.1 200 111 - 3.100 ms
::1 - GET /collection/findAll HTTP/1.1 200 385 - 15.431 ms
::1 - GET /collection/findAll HTTP/1.1 200 385 - 2.098 ms
::1 - GET /collection2/findAll HTTP/1.1 200 2 - 2.313 ms
::1 - GET /collection2/insert?name=b&home=fushun3 HTTP/1.1 200 64 - 34.322 ms
::1 - GET /collection2/insert?name=l&home=fushun322 HTTP/1.1 200 129 - 2.309 ms
::1 - GET /collection2/insert?name=c&home=fushun32223 HTTP/1.1 200 196 - 1.733 ms
::1 - GET /aggregate HTTP/1.1 200 631 - 3.068 ms
